<?xml version="1.0" encoding="UTF-8"?>
<testng-results skipped="0" failed="1" ignored="0" total="2" passed="1">
  <reporter-output>
  </reporter-output>
  <suite name="Default suite" duration-ms="42488" started-at="2018-06-18T20:03:10Z" finished-at="2018-06-18T20:03:53Z">
    <groups>
    </groups>
    <test name="Default test" duration-ms="42488" started-at="2018-06-18T20:03:10Z" finished-at="2018-06-18T20:03:53Z">
      <class name="com.amazon.qa.testcases.LoginPageTest">
        <test-method status="PASS" signature="seUp()[pri:0, instance:com.amazon.qa.testcases.LoginPageTest@685cb137]" name="seUp" is-config="true" duration-ms="27889" started-at="2018-06-18T20:03:10Z" finished-at="2018-06-18T20:03:38Z">
          <reporter-output>
          </reporter-output>
        </test-method> <!-- seUp -->
        <test-method status="PASS" signature="testLoginPageTitle()[pri:1, instance:com.amazon.qa.testcases.LoginPageTest@685cb137]" name="testLoginPageTitle" duration-ms="553" started-at="2018-06-18T20:03:38Z" finished-at="2018-06-18T20:03:39Z">
          <reporter-output>
          </reporter-output>
        </test-method> <!-- testLoginPageTitle -->
        <test-method status="PASS" signature="tearDown()[pri:0, instance:com.amazon.qa.testcases.LoginPageTest@685cb137]" name="tearDown" is-config="true" duration-ms="867" started-at="2018-06-18T20:03:39Z" finished-at="2018-06-18T20:03:40Z">
          <reporter-output>
          </reporter-output>
        </test-method> <!-- tearDown -->
        <test-method status="PASS" signature="seUp()[pri:0, instance:com.amazon.qa.testcases.LoginPageTest@685cb137]" name="seUp" is-config="true" duration-ms="12243" started-at="2018-06-18T20:03:40Z" finished-at="2018-06-18T20:03:52Z">
          <reporter-output>
          </reporter-output>
        </test-method> <!-- seUp -->
        <test-method status="FAIL" signature="testLogin()[pri:2, instance:com.amazon.qa.testcases.LoginPageTest@685cb137]" name="testLogin" duration-ms="5" started-at="2018-06-18T20:03:52Z" finished-at="2018-06-18T20:03:52Z">
          <exception class="java.lang.NullPointerException">
            <full-stacktrace>
              <![CDATA[java.lang.NullPointerException
at com.amazon.qa.testcases.LoginPageTest.testLogin(LoginPageTest.java:40)
at sun.reflect.NativeMethodAccessorImpl.invoke0(Native Method)
at sun.reflect.NativeMethodAccessorImpl.invoke(Unknown Source)
at sun.reflect.DelegatingMethodAccessorImpl.invoke(Unknown Source)
at java.lang.reflect.Method.invoke(Unknown Source)
at org.testng.internal.MethodInvocationHelper.invokeMethod(MethodInvocationHelper.java:124)
at org.testng.internal.Invoker.invokeMethod(Invoker.java:583)
at org.testng.internal.Invoker.invokeTestMethod(Invoker.java:719)
at org.testng.internal.Invoker.invokeTestMethods(Invoker.java:989)
at org.testng.internal.TestMethodWorker.invokeTestMethods(TestMethodWorker.java:125)
at org.testng.internal.TestMethodWorker.run(TestMethodWorker.java:109)
at org.testng.TestRunner.privateRun(TestRunner.java:648)
at org.testng.TestRunner.run(TestRunner.java:505)
at org.testng.SuiteRunner.runTest(SuiteRunner.java:455)
at org.testng.SuiteRunner.runSequentially(SuiteRunner.java:450)
at org.testng.SuiteRunner.privateRun(SuiteRunner.java:415)
at org.testng.SuiteRunner.run(SuiteRunner.java:364)
at org.testng.SuiteRunnerWorker.runSuite(SuiteRunnerWorker.java:52)
at org.testng.SuiteRunnerWorker.run(SuiteRunnerWorker.java:84)
at org.testng.TestNG.runSuitesSequentially(TestNG.java:1208)
at org.testng.TestNG.runSuitesLocally(TestNG.java:1137)
at org.testng.TestNG.runSuites(TestNG.java:1049)
at org.testng.TestNG.run(TestNG.java:1017)
at org.testng.remote.AbstractRemoteTestNG.run(AbstractRemoteTestNG.java:114)
at org.testng.remote.RemoteTestNG.initAndRun(RemoteTestNG.java:251)
at org.testng.remote.RemoteTestNG.main(RemoteTestNG.java:77)
]]>
            </full-stacktrace>
          </exception> <!-- java.lang.NullPointerException -->
          <reporter-output>
          </reporter-output>
        </test-method> <!-- testLogin -->
        <test-method status="PASS" signature="tearDown()[pri:0, instance:com.amazon.qa.testcases.LoginPageTest@685cb137]" name="tearDown" is-config="true" duration-ms="833" started-at="2018-06-18T20:03:52Z" finished-at="2018-06-18T20:03:53Z">
          <reporter-output>
          </reporter-output>
        </test-method> <!-- tearDown -->
      </class> <!-- com.amazon.qa.testcases.LoginPageTest -->
    </test> <!-- Default test -->
  </suite> <!-- Default suite -->
</testng-results>
