<?xml version="1.0" encoding="UTF-8"?>
<testng-results skipped="0" failed="0" ignored="0" total="2" passed="2">
  <reporter-output>
  </reporter-output>
  <suite name="Default suite" duration-ms="36132" started-at="2018-06-19T08:37:41Z" finished-at="2018-06-19T08:38:17Z">
    <groups>
    </groups>
    <test name="Default test" duration-ms="36132" started-at="2018-06-19T08:37:41Z" finished-at="2018-06-19T08:38:17Z">
      <class name="com.amazon.qa.testcases.LoginPageTest">
        <test-method status="PASS" signature="seUp()[pri:0, instance:com.amazon.qa.testcases.LoginPageTest@6d4b1c02]" name="seUp" is-config="true" duration-ms="11529" started-at="2018-06-19T08:37:41Z" finished-at="2018-06-19T08:37:53Z">
          <reporter-output>
          </reporter-output>
        </test-method> <!-- seUp -->
        <test-method status="PASS" signature="testLoginPageTitle()[pri:1, instance:com.amazon.qa.testcases.LoginPageTest@6d4b1c02]" name="testLoginPageTitle" duration-ms="37" started-at="2018-06-19T08:37:53Z" finished-at="2018-06-19T08:37:53Z">
          <reporter-output>
          </reporter-output>
        </test-method> <!-- testLoginPageTitle -->
        <test-method status="PASS" signature="tearDown()[pri:0, instance:com.amazon.qa.testcases.LoginPageTest@6d4b1c02]" name="tearDown" is-config="true" duration-ms="685" started-at="2018-06-19T08:37:53Z" finished-at="2018-06-19T08:37:54Z">
          <reporter-output>
          </reporter-output>
        </test-method> <!-- tearDown -->
        <test-method status="PASS" signature="seUp()[pri:0, instance:com.amazon.qa.testcases.LoginPageTest@6d4b1c02]" name="seUp" is-config="true" duration-ms="13005" started-at="2018-06-19T08:37:54Z" finished-at="2018-06-19T08:38:07Z">
          <reporter-output>
          </reporter-output>
        </test-method> <!-- seUp -->
        <test-method status="PASS" signature="testLogin()[pri:2, instance:com.amazon.qa.testcases.LoginPageTest@6d4b1c02]" name="testLogin" duration-ms="10092" started-at="2018-06-19T08:38:07Z" finished-at="2018-06-19T08:38:17Z">
          <reporter-output>
          </reporter-output>
        </test-method> <!-- testLogin -->
        <test-method status="PASS" signature="tearDown()[pri:0, instance:com.amazon.qa.testcases.LoginPageTest@6d4b1c02]" name="tearDown" is-config="true" duration-ms="762" started-at="2018-06-19T08:38:17Z" finished-at="2018-06-19T08:38:17Z">
          <reporter-output>
          </reporter-output>
        </test-method> <!-- tearDown -->
      </class> <!-- com.amazon.qa.testcases.LoginPageTest -->
    </test> <!-- Default test -->
  </suite> <!-- Default suite -->
</testng-results>
